<?xml version="1.0" encoding="UTF-8"?>
<testsuite name="tests.AddContactTests" tests="1" skipped="0" failures="0" errors="0" timestamp="2023-02-20T13:35:36" hostname="DESKTOP-K03K98Q" time="28.474">
  <properties/>
  <testcase name="addNewContactEmptyLastName" classname="tests.AddContactTests" time="28.474"/>
  <system-out><![CDATA[]]></system-out>
  <system-err><![CDATA[]]></system-err>
</testsuite>
